INFO:hackathon.launcher:app launching...
INFO:root:activated py2 virtualenv
INFO:hackathon.launcher:execute script: pip install -r requirements.txt
Requirement already satisfied (use --upgrade to upgrade): tornado in /srv/virtualenvs/py2/lib/python2.7/site-packages (from -r requirements.txt (line 1))
Requirement already satisfied (use --upgrade to upgrade): Tornado-MySQL in /srv/virtualenvs/py2/lib/python2.7/site-packages (from -r requirements.txt (line 2))
Requirement already satisfied (use --upgrade to upgrade): tornado-redis in /srv/virtualenvs/py2/lib/python2.7/site-packages (from -r requirements.txt (line 3))
Requirement already satisfied (use --upgrade to upgrade): certifi in /srv/virtualenvs/py2/lib/python2.7/site-packages (from tornado->-r requirements.txt (line 1))
Requirement already satisfied (use --upgrade to upgrade): backports-abc>=0.4 in /srv/virtualenvs/py2/lib/python2.7/site-packages (from tornado->-r requirements.txt (line 1))
Requirement already satisfied (use --upgrade to upgrade): backports.ssl-match-hostname in /srv/virtualenvs/py2/lib/python2.7/site-packages (from tornado->-r requirements.txt (line 1))
Requirement already satisfied (use --upgrade to upgrade): singledispatch in /srv/virtualenvs/py2/lib/python2.7/site-packages (from tornado->-r requirements.txt (line 1))
Requirement already satisfied (use --upgrade to upgrade): six in /srv/virtualenvs/py2/lib/python2.7/site-packages (from singledispatch->tornado->-r requirements.txt (line 1))
INFO:hackathon.launcher:execute script: python app.py
INFO:hackathon.launcher:app launching...
INFO:root:activated py2 virtualenv
INFO:hackathon.launcher:execute script: pip install -r requirements.txt
Requirement already satisfied (use --upgrade to upgrade): tornado in /srv/virtualenvs/py2/lib/python2.7/site-packages (from -r requirements.txt (line 1))
Requirement already satisfied (use --upgrade to upgrade): Tornado-MySQL in /srv/virtualenvs/py2/lib/python2.7/site-packages (from -r requirements.txt (line 2))
Requirement already satisfied (use --upgrade to upgrade): tornado-redis in /srv/virtualenvs/py2/lib/python2.7/site-packages (from -r requirements.txt (line 3))
Requirement already satisfied (use --upgrade to upgrade): certifi in /srv/virtualenvs/py2/lib/python2.7/site-packages (from tornado->-r requirements.txt (line 1))
Requirement already satisfied (use --upgrade to upgrade): backports-abc>=0.4 in /srv/virtualenvs/py2/lib/python2.7/site-packages (from tornado->-r requirements.txt (line 1))
Requirement already satisfied (use --upgrade to upgrade): backports.ssl-match-hostname in /srv/virtualenvs/py2/lib/python2.7/site-packages (from tornado->-r requirements.txt (line 1))
Requirement already satisfied (use --upgrade to upgrade): singledispatch in /srv/virtualenvs/py2/lib/python2.7/site-packages (from tornado->-r requirements.txt (line 1))
Requirement already satisfied (use --upgrade to upgrade): six in /srv/virtualenvs/py2/lib/python2.7/site-packages (from singledispatch->tornado->-r requirements.txt (line 1))
INFO:hackathon.launcher:execute script: python app.py
INFO:hackathon.launcher:app launching...
INFO:root:activated py2 virtualenv
INFO:hackathon.launcher:execute script: pip install -r requirements.txt
Requirement already satisfied (use --upgrade to upgrade): tornado in /srv/virtualenvs/py2/lib/python2.7/site-packages (from -r requirements.txt (line 1))
Requirement already satisfied (use --upgrade to upgrade): Tornado-MySQL in /srv/virtualenvs/py2/lib/python2.7/site-packages (from -r requirements.txt (line 2))
Requirement already satisfied (use --upgrade to upgrade): tornado-redis in /srv/virtualenvs/py2/lib/python2.7/site-packages (from -r requirements.txt (line 3))
Requirement already satisfied (use --upgrade to upgrade): certifi in /srv/virtualenvs/py2/lib/python2.7/site-packages (from tornado->-r requirements.txt (line 1))
Requirement already satisfied (use --upgrade to upgrade): backports-abc>=0.4 in /srv/virtualenvs/py2/lib/python2.7/site-packages (from tornado->-r requirements.txt (line 1))
Requirement already satisfied (use --upgrade to upgrade): backports.ssl-match-hostname in /srv/virtualenvs/py2/lib/python2.7/site-packages (from tornado->-r requirements.txt (line 1))
Requirement already satisfied (use --upgrade to upgrade): singledispatch in /srv/virtualenvs/py2/lib/python2.7/site-packages (from tornado->-r requirements.txt (line 1))
Requirement already satisfied (use --upgrade to upgrade): six in /srv/virtualenvs/py2/lib/python2.7/site-packages (from singledispatch->tornado->-r requirements.txt (line 1))
INFO:hackathon.launcher:execute script: python app.py
